Added Component: Designator=C1(CAP 1206/3216)
Add component (AddParameter): Name = "Package"; Value = "Package?"; VariantName = "[No Variations]"
Add component (AddParameter): Name = "Rating"; Value = "Rating?"; VariantName = "[No Variations]"
Add component (AddParameter): Name = "Type"; Value = "Type?"; VariantName = "[No Variations]"
Add component (AddParameter): Name = "Validation"; Value = "Valid"; VariantName = "[No Variations]"
Add component (AddParameter): Name = "Value"; Value = "100nF"; VariantName = "[No Variations]"
Add component (AddParameter): Name = "Inflow"; Value = "inflow?"; VariantName = "[No Variations]"
Added Component: Designator=C2(CAP 1206/3216)
Add component (AddParameter): Name = "Package"; Value = "Package?"; VariantName = "[No Variations]"
Add component (AddParameter): Name = "Rating"; Value = "Rating?"; VariantName = "[No Variations]"
Add component (AddParameter): Name = "Type"; Value = "Type?"; VariantName = "[No Variations]"
Add component (AddParameter): Name = "Validation"; Value = "Valid"; VariantName = "[No Variations]"
Add component (AddParameter): Name = "Value"; Value = "1nF"; VariantName = "[No Variations]"
Add component (AddParameter): Name = "Inflow"; Value = "inflow?"; VariantName = "[No Variations]"
Added Component: Designator=C3(CAP ALUM 8.3MM)
Add component (AddParameter): Name = "Package"; Value = "SMD"; VariantName = "[No Variations]"
Add component (AddParameter): Name = "Rating"; Value = "SC1C477M08010VR"; VariantName = "[No Variations]"
Add component (AddParameter): Name = "Type"; Value = "Electrolit"; VariantName = "[No Variations]"
Add component (AddParameter): Name = "Validation"; Value = "Valid"; VariantName = "[No Variations]"
Add component (AddParameter): Name = "Value"; Value = "470uF"; VariantName = "[No Variations]"
Add component (AddParameter): Name = "Inflow"; Value = "inflow?"; VariantName = "[No Variations]"
Added Component: Designator=D1(SOD2513X120N)
Add component (AddParameter): Name = "Check_prices"; Value = "https://www.snapeda.com/parts/1N4148WS-7-F/Diodes+Inc./view-part/?ref=eda"; VariantName = "[No Variations]"
Add component (AddParameter): Name = "MF"; Value = "Diodes Inc."; VariantName = "[No Variations]"
Add component (AddParameter): Name = "MP"; Value = "1N4148WS-7-F"; VariantName = "[No Variations]"
Add component (AddParameter): Name = "Package"; Value = "SOD-323 Diodes Inc."; VariantName = "[No Variations]"
Add component (AddParameter): Name = "SnapEDA_Link"; Value = "https://www.snapeda.com/parts/1N4148WS-7-F/Diodes+Inc./view-part/?ref=snap"; VariantName = "[No Variations]"
Add component (AddParameter): Name = "Value"; Value = ""; VariantName = "[No Variations]"
Added Component: Designator=D2(SOD2513X120N)
Add component (AddParameter): Name = "Check_prices"; Value = "https://www.snapeda.com/parts/1N4148WS-7-F/Diodes+Inc./view-part/?ref=eda"; VariantName = "[No Variations]"
Add component (AddParameter): Name = "MF"; Value = "Diodes Inc."; VariantName = "[No Variations]"
Add component (AddParameter): Name = "MP"; Value = "1N4148WS-7-F"; VariantName = "[No Variations]"
Add component (AddParameter): Name = "Package"; Value = "SOD-323 Diodes Inc."; VariantName = "[No Variations]"
Add component (AddParameter): Name = "SnapEDA_Link"; Value = "https://www.snapeda.com/parts/1N4148WS-7-F/Diodes+Inc./view-part/?ref=snap"; VariantName = "[No Variations]"
Add component (AddParameter): Name = "Value"; Value = ""; VariantName = "[No Variations]"
Added Component: Designator=D3(50WQ03)
Add component (AddParameter): Name = "Package"; Value = "TO-252"; VariantName = "[No Variations]"
Add component (AddParameter): Name = "Rating"; Value = "Rating?"; VariantName = "[No Variations]"
Add component (AddParameter): Name = "Type"; Value = "Schottky"; VariantName = "[No Variations]"
Add component (AddParameter): Name = "Validation"; Value = "NT"; VariantName = "[No Variations]"
Add component (AddParameter): Name = "Value"; Value = "SDT30B100D1-13"; VariantName = "[No Variations]"
Add component (AddParameter): Name = "Inflow"; Value = "inflow?"; VariantName = "[No Variations]"
Added Component: Designator=P1(POT_WH148)
Add component (AddParameter): Name = "Package"; Value = "Package?"; VariantName = "[No Variations]"
Add component (AddParameter): Name = "Rating"; Value = "Rating?"; VariantName = "[No Variations]"
Add component (AddParameter): Name = "Type"; Value = "Type?"; VariantName = "[No Variations]"
Add component (AddParameter): Name = "Validation"; Value = "Valid"; VariantName = "[No Variations]"
Add component (AddParameter): Name = "Value"; Value = "Value?"; VariantName = "[No Variations]"
Add component (AddParameter): Name = "Inflow"; Value = "50K"; VariantName = "[No Variations]"
Added Component: Designator=Q1(TO252-3L)
Add component (AddParameter): Name = "Package"; Value = "Package?"; VariantName = "[No Variations]"
Add component (AddParameter): Name = "Rating"; Value = "Rating?"; VariantName = "[No Variations]"
Add component (AddParameter): Name = "Type"; Value = "Type?"; VariantName = "[No Variations]"
Add component (AddParameter): Name = "Validation"; Value = "NT"; VariantName = "[No Variations]"
Add component (AddParameter): Name = "Value"; Value = "AOD472"; VariantName = "[No Variations]"
Add component (AddParameter): Name = "Inflow"; Value = "STD30NF06LT4"; VariantName = "[No Variations]"
Added Component: Designator=R1(RES 1206 (3216X08L))
Add component (AddParameter): Name = "Package"; Value = "Package?"; VariantName = "[No Variations]"
Add component (AddParameter): Name = "Rating"; Value = "Rating?"; VariantName = "[No Variations]"
Add component (AddParameter): Name = "Type"; Value = "10%"; VariantName = "[No Variations]"
Add component (AddParameter): Name = "Validation"; Value = "Valid"; VariantName = "[No Variations]"
Add component (AddParameter): Name = "Value"; Value = "1K"; VariantName = "[No Variations]"
Add component (AddParameter): Name = "Inflow"; Value = "inflow?"; VariantName = "[No Variations]"
Added Component: Designator=R2(RES 1206 (3216X08L))
Add component (AddParameter): Name = "Package"; Value = "Package?"; VariantName = "[No Variations]"
Add component (AddParameter): Name = "Rating"; Value = "Rating?"; VariantName = "[No Variations]"
Add component (AddParameter): Name = "Type"; Value = "10%"; VariantName = "[No Variations]"
Add component (AddParameter): Name = "Validation"; Value = "Valid"; VariantName = "[No Variations]"
Add component (AddParameter): Name = "Value"; Value = "47R"; VariantName = "[No Variations]"
Add component (AddParameter): Name = "Inflow"; Value = "inflow?"; VariantName = "[No Variations]"
Added Component: Designator=U1(SO8_narrow_n)
Add component (AddParameter): Name = "Package"; Value = "Package?"; VariantName = "[No Variations]"
Add component (AddParameter): Name = "Rating"; Value = "Rating?"; VariantName = "[No Variations]"
Add component (AddParameter): Name = "Type"; Value = "Type?"; VariantName = "[No Variations]"
Add component (AddParameter): Name = "Validation"; Value = "Valid"; VariantName = "[No Variations]"
Add component (AddParameter): Name = "Value"; Value = "NE555"; VariantName = "[No Variations]"
Add component (AddParameter): Name = "Inflow"; Value = "8109"; VariantName = "[No Variations]"
Added Pin To Net: NetName=+12 Pin=C3-1
Added Pin To Net: NetName=+12 Pin=D3-2
Added Pin To Net: NetName=+12 Pin=R1-2
Added Pin To Net: NetName=+12 Pin=U1-4
Added Pin To Net: NetName=+12 Pin=U1-8
Added Net: Name=+12
Added Pin To Net: NetName=GND Pin=C1-2
Added Pin To Net: NetName=GND Pin=C2-2
Added Pin To Net: NetName=GND Pin=C3-2
Added Pin To Net: NetName=GND Pin=Q1-3
Added Pin To Net: NetName=GND Pin=U1-1
Added Net: Name=GND
Added Pin To Net: NetName=NetC1_1 Pin=C1-1
Added Pin To Net: NetName=NetC1_1 Pin=U1-5
Added Net: Name=NetC1_1
Added Pin To Net: NetName=NetC2_1 Pin=C2-1
Added Pin To Net: NetName=NetC2_1 Pin=P1-2
Added Pin To Net: NetName=NetC2_1 Pin=U1-2
Added Pin To Net: NetName=NetC2_1 Pin=U1-6
Added Net: Name=NetC2_1
Added Pin To Net: NetName=NetD1_A Pin=D1-A
Added Pin To Net: NetName=NetD1_A Pin=D2-C
Added Pin To Net: NetName=NetD1_A Pin=R1-1
Added Pin To Net: NetName=NetD1_A Pin=U1-7
Added Net: Name=NetD1_A
Added Pin To Net: NetName=NetD1_C Pin=D1-C
Added Pin To Net: NetName=NetD1_C Pin=P1-3
Added Net: Name=NetD1_C
Added Pin To Net: NetName=NetD2_A Pin=D2-A
Added Pin To Net: NetName=NetD2_A Pin=P1-1
Added Net: Name=NetD2_A
Added Pin To Net: NetName=NetD3_1 Pin=D3-1
Added Pin To Net: NetName=NetD3_1 Pin=D3-1
Added Pin To Net: NetName=NetD3_1 Pin=Q1-4
Added Net: Name=NetD3_1
Added Pin To Net: NetName=NetQ1_1 Pin=Q1-1
Added Pin To Net: NetName=NetQ1_1 Pin=R2-1
Added Net: Name=NetQ1_1
Added Pin To Net: NetName=NetR2_2 Pin=R2-2
Added Pin To Net: NetName=NetR2_2 Pin=U1-3
Added Net: Name=NetR2_2
Added Class: Name=Schematics
Added Rule: Name=Schematic Supply Nets
Added Rule: Name=Schematic Supply Nets_1
